<?xml version="1.0" encoding="UTF-8"?>
<testsuite xmlns:xsi="http://www.w3.org/2001/XMLSchema-instance" xsi:noNamespaceSchemaLocation="https://maven.apache.org/surefire/maven-surefire-plugin/xsd/surefire-test-report.xsd" name="com.ccpv.PrestamosControllerTest" time="7.934" tests="1" errors="0" skipped="0" failures="0">
  <properties>
    <property name="sun.desktop" value="gnome"/>
    <property name="awt.toolkit" value="sun.awt.X11.XToolkit"/>
    <property name="jdk.extensions.version" value="8.0.292.0"/>
    <property name="file.encoding.pkg" value="sun.io"/>
    <property name="java.specification.version" value="1.8"/>
    <property name="sun.jnu.encoding" value="UTF-8"/>
    <property name="java.class.path" value="/home/ggarciac/proyectos/prototipo/prototipo/target/test-classes:/home/ggarciac/proyectos/prototipo/prototipo/target/classes:/home/ggarciac/.m2/repository/org/projectlombok/lombok/1.18.20/lombok-1.18.20.jar:/home/ggarciac/.m2/repository/io/micronaut/micronaut-inject/2.5.4/micronaut-inject-2.5.4.jar:/home/ggarciac/.m2/repository/org/slf4j/slf4j-api/1.7.26/slf4j-api-1.7.26.jar:/home/ggarciac/.m2/repository/javax/annotation/javax.annotation-api/1.3.2/javax.annotation-api-1.3.2.jar:/home/ggarciac/.m2/repository/javax/inject/javax.inject/1/javax.inject-1.jar:/home/ggarciac/.m2/repository/io/micronaut/micronaut-core/2.5.4/micronaut-core-2.5.4.jar:/home/ggarciac/.m2/repository/com/github/spotbugs/spotbugs-annotations/4.0.3/spotbugs-annotations-4.0.3.jar:/home/ggarciac/.m2/repository/com/google/code/findbugs/jsr305/3.0.2/jsr305-3.0.2.jar:/home/ggarciac/.m2/repository/org/yaml/snakeyaml/1.26/snakeyaml-1.26.jar:/home/ggarciac/.m2/repository/io/micronaut/micronaut-validation/2.5.4/micronaut-validation-2.5.4.jar:/home/ggarciac/.m2/repository/io/micronaut/micronaut-core-reactive/2.5.4/micronaut-core-reactive-2.5.4.jar:/home/ggarciac/.m2/repository/org/reactivestreams/reactive-streams/1.0.3/reactive-streams-1.0.3.jar:/home/ggarciac/.m2/repository/javax/validation/validation-api/2.0.1.Final/validation-api-2.0.1.Final.jar:/home/ggarciac/.m2/repository/org/junit/jupiter/junit-jupiter-api/5.7.1/junit-jupiter-api-5.7.1.jar:/home/ggarciac/.m2/repository/org/apiguardian/apiguardian-api/1.1.0/apiguardian-api-1.1.0.jar:/home/ggarciac/.m2/repository/org/opentest4j/opentest4j/1.2.0/opentest4j-1.2.0.jar:/home/ggarciac/.m2/repository/org/junit/platform/junit-platform-commons/1.7.1/junit-platform-commons-1.7.1.jar:/home/ggarciac/.m2/repository/org/junit/jupiter/junit-jupiter-params/5.7.1/junit-jupiter-params-5.7.1.jar:/home/ggarciac/.m2/repository/org/junit/jupiter/junit-jupiter-engine/5.7.1/junit-jupiter-engine-5.7.1.jar:/home/ggarciac/.m2/repository/org/junit/platform/junit-platform-engine/1.7.1/junit-platform-engine-1.7.1.jar:/home/ggarciac/.m2/repository/io/micronaut/test/micronaut-test-junit5/2.3.4/micronaut-test-junit5-2.3.4.jar:/home/ggarciac/.m2/repository/io/micronaut/test/micronaut-test-core/2.3.4/micronaut-test-core-2.3.4.jar:/home/ggarciac/.m2/repository/org/testcontainers/testcontainers/1.15.3/testcontainers-1.15.3.jar:/home/ggarciac/.m2/repository/junit/junit/4.13.1/junit-4.13.1.jar:/home/ggarciac/.m2/repository/org/hamcrest/hamcrest-core/1.3/hamcrest-core-1.3.jar:/home/ggarciac/.m2/repository/org/apache/commons/commons-compress/1.20/commons-compress-1.20.jar:/home/ggarciac/.m2/repository/org/rnorth/duct-tape/duct-tape/1.0.8/duct-tape-1.0.8.jar:/home/ggarciac/.m2/repository/org/rnorth/visible-assertions/visible-assertions/2.1.2/visible-assertions-2.1.2.jar:/home/ggarciac/.m2/repository/net/java/dev/jna/jna/5.3.1/jna-5.3.1.jar:/home/ggarciac/.m2/repository/com/github/docker-java/docker-java-api/3.2.8/docker-java-api-3.2.8.jar:/home/ggarciac/.m2/repository/com/fasterxml/jackson/core/jackson-annotations/2.12.2/jackson-annotations-2.12.2.jar:/home/ggarciac/.m2/repository/com/github/docker-java/docker-java-transport-zerodep/3.2.8/docker-java-transport-zerodep-3.2.8.jar:/home/ggarciac/.m2/repository/com/github/docker-java/docker-java-transport/3.2.8/docker-java-transport-3.2.8.jar:/home/ggarciac/.m2/repository/org/testcontainers/junit-jupiter/1.15.3/junit-jupiter-1.15.3.jar:/home/ggarciac/.m2/repository/org/testcontainers/postgresql/1.15.3/postgresql-1.15.3.jar:/home/ggarciac/.m2/repository/org/testcontainers/jdbc/1.15.2/jdbc-1.15.2.jar:/home/ggarciac/.m2/repository/org/testcontainers/database-commons/1.15.2/database-commons-1.15.2.jar:/home/ggarciac/.m2/repository/org/assertj/assertj-core/3.19.0/assertj-core-3.19.0.jar:/home/ggarciac/.m2/repository/org/mockito/mockito-all/1.10.19/mockito-all-1.10.19.jar:/home/ggarciac/.m2/repository/io/micronaut/micronaut-http-client/2.5.4/micronaut-http-client-2.5.4.jar:/home/ggarciac/.m2/repository/io/reactivex/rxjava2/rxjava/2.2.10/rxjava-2.2.10.jar:/home/ggarciac/.m2/repository/io/micronaut/micronaut-http-client-core/2.5.4/micronaut-http-client-core-2.5.4.jar:/home/ggarciac/.m2/repository/io/micronaut/micronaut-websocket/2.5.4/micronaut-websocket-2.5.4.jar:/home/ggarciac/.m2/repository/io/micronaut/micronaut-http-netty/2.5.4/micronaut-http-netty-2.5.4.jar:/home/ggarciac/.m2/repository/io/micronaut/micronaut-buffer-netty/2.5.4/micronaut-buffer-netty-2.5.4.jar:/home/ggarciac/.m2/repository/io/netty/netty-handler/4.1.64.Final/netty-handler-4.1.64.Final.jar:/home/ggarciac/.m2/repository/io/netty/netty-resolver/4.1.64.Final/netty-resolver-4.1.64.Final.jar:/home/ggarciac/.m2/repository/io/netty/netty-codec-http2/4.1.64.Final/netty-codec-http2-4.1.64.Final.jar:/home/ggarciac/.m2/repository/io/netty/netty-handler-proxy/4.1.64.Final/netty-handler-proxy-4.1.64.Final.jar:/home/ggarciac/.m2/repository/io/netty/netty-common/4.1.64.Final/netty-common-4.1.64.Final.jar:/home/ggarciac/.m2/repository/io/netty/netty-buffer/4.1.64.Final/netty-buffer-4.1.64.Final.jar:/home/ggarciac/.m2/repository/io/netty/netty-transport/4.1.64.Final/netty-transport-4.1.64.Final.jar:/home/ggarciac/.m2/repository/io/netty/netty-codec/4.1.64.Final/netty-codec-4.1.64.Final.jar:/home/ggarciac/.m2/repository/io/netty/netty-codec-socks/4.1.64.Final/netty-codec-socks-4.1.64.Final.jar:/home/ggarciac/.m2/repository/io/micronaut/micronaut-http-server-netty/2.5.4/micronaut-http-server-netty-2.5.4.jar:/home/ggarciac/.m2/repository/io/micronaut/micronaut-http-server/2.5.4/micronaut-http-server-2.5.4.jar:/home/ggarciac/.m2/repository/io/micronaut/micronaut-router/2.5.4/micronaut-router-2.5.4.jar:/home/ggarciac/.m2/repository/io/netty/netty-codec-http/4.1.64.Final/netty-codec-http-4.1.64.Final.jar:/home/ggarciac/.m2/repository/io/micronaut/micronaut-runtime/2.5.4/micronaut-runtime-2.5.4.jar:/home/ggarciac/.m2/repository/io/micronaut/micronaut-http/2.5.4/micronaut-http-2.5.4.jar:/home/ggarciac/.m2/repository/io/micronaut/micronaut-aop/2.5.4/micronaut-aop-2.5.4.jar:/home/ggarciac/.m2/repository/io/micronaut/micronaut-context/2.5.4/micronaut-context-2.5.4.jar:/home/ggarciac/.m2/repository/com/fasterxml/jackson/core/jackson-databind/2.12.2/jackson-databind-2.12.2.jar:/home/ggarciac/.m2/repository/com/fasterxml/jackson/core/jackson-core/2.12.2/jackson-core-2.12.2.jar:/home/ggarciac/.m2/repository/com/fasterxml/jackson/datatype/jackson-datatype-jdk8/2.12.2/jackson-datatype-jdk8-2.12.2.jar:/home/ggarciac/.m2/repository/com/fasterxml/jackson/datatype/jackson-datatype-jsr310/2.12.2/jackson-datatype-jsr310-2.12.2.jar:/home/ggarciac/.m2/repository/ch/qos/logback/logback-classic/1.2.3/logback-classic-1.2.3.jar:/home/ggarciac/.m2/repository/ch/qos/logback/logback-core/1.2.3/logback-core-1.2.3.jar:/home/ggarciac/.m2/repository/io/micronaut/data/micronaut-data-hibernate-jpa/2.4.3/micronaut-data-hibernate-jpa-2.4.3.jar:/home/ggarciac/.m2/repository/io/micronaut/data/micronaut-data-runtime/2.4.3/micronaut-data-runtime-2.4.3.jar:/home/ggarciac/.m2/repository/io/micronaut/data/micronaut-data-model/2.4.3/micronaut-data-model-2.4.3.jar:/home/ggarciac/.m2/repository/io/micronaut/data/micronaut-data-tx/2.4.3/micronaut-data-tx-2.4.3.jar:/home/ggarciac/.m2/repository/jakarta/persistence/jakarta.persistence-api/2.2.3/jakarta.persistence-api-2.2.3.jar:/home/ggarciac/.m2/repository/org/hibernate/hibernate-core/5.4.24.Final/hibernate-core-5.4.24.Final.jar:/home/ggarciac/.m2/repository/org/jboss/logging/jboss-logging/3.4.1.Final/jboss-logging-3.4.1.Final.jar:/home/ggarciac/.m2/repository/net/bytebuddy/byte-buddy/1.10.17/byte-buddy-1.10.17.jar:/home/ggarciac/.m2/repository/antlr/antlr/2.7.7/antlr-2.7.7.jar:/home/ggarciac/.m2/repository/org/jboss/jandex/2.1.3.Final/jandex-2.1.3.Final.jar:/home/ggarciac/.m2/repository/com/fasterxml/classmate/1.5.1/classmate-1.5.1.jar:/home/ggarciac/.m2/repository/javax/activation/javax.activation-api/1.2.0/javax.activation-api-1.2.0.jar:/home/ggarciac/.m2/repository/org/dom4j/dom4j/2.1.3/dom4j-2.1.3.jar:/home/ggarciac/.m2/repository/org/hibernate/common/hibernate-commons-annotations/5.1.2.Final/hibernate-commons-annotations-5.1.2.Final.jar:/home/ggarciac/.m2/repository/javax/xml/bind/jaxb-api/2.3.1/jaxb-api-2.3.1.jar:/home/ggarciac/.m2/repository/org/glassfish/jaxb/jaxb-runtime/2.3.1/jaxb-runtime-2.3.1.jar:/home/ggarciac/.m2/repository/org/glassfish/jaxb/txw2/2.3.1/txw2-2.3.1.jar:/home/ggarciac/.m2/repository/com/sun/istack/istack-commons-runtime/3.0.7/istack-commons-runtime-3.0.7.jar:/home/ggarciac/.m2/repository/org/jvnet/staxex/stax-ex/1.8/stax-ex-1.8.jar:/home/ggarciac/.m2/repository/com/sun/xml/fastinfoset/FastInfoset/1.2.15/FastInfoset-1.2.15.jar:/home/ggarciac/.m2/repository/io/micronaut/data/micronaut-data-tx-hibernate/2.4.3/micronaut-data-tx-hibernate-2.4.3.jar:/home/ggarciac/.m2/repository/io/micronaut/sql/micronaut-hibernate-jpa/3.4.0/micronaut-hibernate-jpa-3.4.0.jar:/home/ggarciac/.m2/repository/jakarta/transaction/jakarta.transaction-api/1.3.3/jakarta.transaction-api-1.3.3.jar:/home/ggarciac/.m2/repository/org/postgresql/postgresql/42.2.7/postgresql-42.2.7.jar:/home/ggarciac/.m2/repository/io/micronaut/sql/micronaut-jdbc-hikari/3.4.0/micronaut-jdbc-hikari-3.4.0.jar:/home/ggarciac/.m2/repository/io/micronaut/sql/micronaut-jdbc/3.4.0/micronaut-jdbc-3.4.0.jar:/home/ggarciac/.m2/repository/com/zaxxer/HikariCP/3.4.5/HikariCP-3.4.5.jar:/home/ggarciac/.m2/repository/io/micronaut/flyway/micronaut-flyway/3.6.0/micronaut-flyway-3.6.0.jar:/home/ggarciac/.m2/repository/org/flywaydb/flyway-core/7.7.3/flyway-core-7.7.3.jar:/home/ggarciac/.m2/repository/io/micronaut/micronaut-management/2.5.4/micronaut-management-2.5.4.jar:/home/ggarciac/.m2/repository/io/micronaut/rxjava3/micronaut-rxjava3/1.1.1/micronaut-rxjava3-1.1.1.jar:/home/ggarciac/.m2/repository/io/reactivex/rxjava3/rxjava/3.0.8/rxjava-3.0.8.jar:/home/ggarciac/.m2/repository/com/github/akarnokd/rxjava3-bridge/3.0.0/rxjava3-bridge-3.0.0.jar:"/>
    <property name="com.ibm.zero.version" value="2"/>
    <property name="java.vm.vendor" value="Eclipse OpenJ9"/>
    <property name="sun.arch.data.model" value="64"/>
    <property name="com.ibm.vm.bitmode" value="64"/>
    <property name="user.variant" value=""/>
    <property name="com.ibm.oti.vm.library.version" value="29"/>
    <property name="java.vendor.url" value="https://adoptopenjdk.net/"/>
    <property name="user.timezone" value=""/>
    <property name="os.name" value="Linux"/>
    <property name="java.vm.specification.version" value="1.8"/>
    <property name="sun.java.launcher" value="SUN_STANDARD"/>
    <property name="user.country" value="US"/>
    <property name="sun.boot.library.path" value="/home/ggarciac/.sdkman/candidates/java/8.0.292.j9-adpt/jre/lib/amd64/default:/home/ggarciac/.sdkman/candidates/java/8.0.292.j9-adpt/jre/lib/amd64"/>
    <property name="sun.java.command" value="/home/ggarciac/proyectos/prototipo/prototipo/target/surefire/surefirebooter6709856784206751924.jar /home/ggarciac/proyectos/prototipo/prototipo/target/surefire 2022-04-30T21-53-50_755-jvmRun1 surefire4239038017197671989tmp surefire_01815777883705614836tmp"/>
    <property name="surefire.test.class.path" value="/home/ggarciac/proyectos/prototipo/prototipo/target/test-classes:/home/ggarciac/proyectos/prototipo/prototipo/target/classes:/home/ggarciac/.m2/repository/org/projectlombok/lombok/1.18.20/lombok-1.18.20.jar:/home/ggarciac/.m2/repository/io/micronaut/micronaut-inject/2.5.4/micronaut-inject-2.5.4.jar:/home/ggarciac/.m2/repository/org/slf4j/slf4j-api/1.7.26/slf4j-api-1.7.26.jar:/home/ggarciac/.m2/repository/javax/annotation/javax.annotation-api/1.3.2/javax.annotation-api-1.3.2.jar:/home/ggarciac/.m2/repository/javax/inject/javax.inject/1/javax.inject-1.jar:/home/ggarciac/.m2/repository/io/micronaut/micronaut-core/2.5.4/micronaut-core-2.5.4.jar:/home/ggarciac/.m2/repository/com/github/spotbugs/spotbugs-annotations/4.0.3/spotbugs-annotations-4.0.3.jar:/home/ggarciac/.m2/repository/com/google/code/findbugs/jsr305/3.0.2/jsr305-3.0.2.jar:/home/ggarciac/.m2/repository/org/yaml/snakeyaml/1.26/snakeyaml-1.26.jar:/home/ggarciac/.m2/repository/io/micronaut/micronaut-validation/2.5.4/micronaut-validation-2.5.4.jar:/home/ggarciac/.m2/repository/io/micronaut/micronaut-core-reactive/2.5.4/micronaut-core-reactive-2.5.4.jar:/home/ggarciac/.m2/repository/org/reactivestreams/reactive-streams/1.0.3/reactive-streams-1.0.3.jar:/home/ggarciac/.m2/repository/javax/validation/validation-api/2.0.1.Final/validation-api-2.0.1.Final.jar:/home/ggarciac/.m2/repository/org/junit/jupiter/junit-jupiter-api/5.7.1/junit-jupiter-api-5.7.1.jar:/home/ggarciac/.m2/repository/org/apiguardian/apiguardian-api/1.1.0/apiguardian-api-1.1.0.jar:/home/ggarciac/.m2/repository/org/opentest4j/opentest4j/1.2.0/opentest4j-1.2.0.jar:/home/ggarciac/.m2/repository/org/junit/platform/junit-platform-commons/1.7.1/junit-platform-commons-1.7.1.jar:/home/ggarciac/.m2/repository/org/junit/jupiter/junit-jupiter-params/5.7.1/junit-jupiter-params-5.7.1.jar:/home/ggarciac/.m2/repository/org/junit/jupiter/junit-jupiter-engine/5.7.1/junit-jupiter-engine-5.7.1.jar:/home/ggarciac/.m2/repository/org/junit/platform/junit-platform-engine/1.7.1/junit-platform-engine-1.7.1.jar:/home/ggarciac/.m2/repository/io/micronaut/test/micronaut-test-junit5/2.3.4/micronaut-test-junit5-2.3.4.jar:/home/ggarciac/.m2/repository/io/micronaut/test/micronaut-test-core/2.3.4/micronaut-test-core-2.3.4.jar:/home/ggarciac/.m2/repository/org/testcontainers/testcontainers/1.15.3/testcontainers-1.15.3.jar:/home/ggarciac/.m2/repository/junit/junit/4.13.1/junit-4.13.1.jar:/home/ggarciac/.m2/repository/org/hamcrest/hamcrest-core/1.3/hamcrest-core-1.3.jar:/home/ggarciac/.m2/repository/org/apache/commons/commons-compress/1.20/commons-compress-1.20.jar:/home/ggarciac/.m2/repository/org/rnorth/duct-tape/duct-tape/1.0.8/duct-tape-1.0.8.jar:/home/ggarciac/.m2/repository/org/rnorth/visible-assertions/visible-assertions/2.1.2/visible-assertions-2.1.2.jar:/home/ggarciac/.m2/repository/net/java/dev/jna/jna/5.3.1/jna-5.3.1.jar:/home/ggarciac/.m2/repository/com/github/docker-java/docker-java-api/3.2.8/docker-java-api-3.2.8.jar:/home/ggarciac/.m2/repository/com/fasterxml/jackson/core/jackson-annotations/2.12.2/jackson-annotations-2.12.2.jar:/home/ggarciac/.m2/repository/com/github/docker-java/docker-java-transport-zerodep/3.2.8/docker-java-transport-zerodep-3.2.8.jar:/home/ggarciac/.m2/repository/com/github/docker-java/docker-java-transport/3.2.8/docker-java-transport-3.2.8.jar:/home/ggarciac/.m2/repository/org/testcontainers/junit-jupiter/1.15.3/junit-jupiter-1.15.3.jar:/home/ggarciac/.m2/repository/org/testcontainers/postgresql/1.15.3/postgresql-1.15.3.jar:/home/ggarciac/.m2/repository/org/testcontainers/jdbc/1.15.2/jdbc-1.15.2.jar:/home/ggarciac/.m2/repository/org/testcontainers/database-commons/1.15.2/database-commons-1.15.2.jar:/home/ggarciac/.m2/repository/org/assertj/assertj-core/3.19.0/assertj-core-3.19.0.jar:/home/ggarciac/.m2/repository/org/mockito/mockito-all/1.10.19/mockito-all-1.10.19.jar:/home/ggarciac/.m2/repository/io/micronaut/micronaut-http-client/2.5.4/micronaut-http-client-2.5.4.jar:/home/ggarciac/.m2/repository/io/reactivex/rxjava2/rxjava/2.2.10/rxjava-2.2.10.jar:/home/ggarciac/.m2/repository/io/micronaut/micronaut-http-client-core/2.5.4/micronaut-http-client-core-2.5.4.jar:/home/ggarciac/.m2/repository/io/micronaut/micronaut-websocket/2.5.4/micronaut-websocket-2.5.4.jar:/home/ggarciac/.m2/repository/io/micronaut/micronaut-http-netty/2.5.4/micronaut-http-netty-2.5.4.jar:/home/ggarciac/.m2/repository/io/micronaut/micronaut-buffer-netty/2.5.4/micronaut-buffer-netty-2.5.4.jar:/home/ggarciac/.m2/repository/io/netty/netty-handler/4.1.64.Final/netty-handler-4.1.64.Final.jar:/home/ggarciac/.m2/repository/io/netty/netty-resolver/4.1.64.Final/netty-resolver-4.1.64.Final.jar:/home/ggarciac/.m2/repository/io/netty/netty-codec-http2/4.1.64.Final/netty-codec-http2-4.1.64.Final.jar:/home/ggarciac/.m2/repository/io/netty/netty-handler-proxy/4.1.64.Final/netty-handler-proxy-4.1.64.Final.jar:/home/ggarciac/.m2/repository/io/netty/netty-common/4.1.64.Final/netty-common-4.1.64.Final.jar:/home/ggarciac/.m2/repository/io/netty/netty-buffer/4.1.64.Final/netty-buffer-4.1.64.Final.jar:/home/ggarciac/.m2/repository/io/netty/netty-transport/4.1.64.Final/netty-transport-4.1.64.Final.jar:/home/ggarciac/.m2/repository/io/netty/netty-codec/4.1.64.Final/netty-codec-4.1.64.Final.jar:/home/ggarciac/.m2/repository/io/netty/netty-codec-socks/4.1.64.Final/netty-codec-socks-4.1.64.Final.jar:/home/ggarciac/.m2/repository/io/micronaut/micronaut-http-server-netty/2.5.4/micronaut-http-server-netty-2.5.4.jar:/home/ggarciac/.m2/repository/io/micronaut/micronaut-http-server/2.5.4/micronaut-http-server-2.5.4.jar:/home/ggarciac/.m2/repository/io/micronaut/micronaut-router/2.5.4/micronaut-router-2.5.4.jar:/home/ggarciac/.m2/repository/io/netty/netty-codec-http/4.1.64.Final/netty-codec-http-4.1.64.Final.jar:/home/ggarciac/.m2/repository/io/micronaut/micronaut-runtime/2.5.4/micronaut-runtime-2.5.4.jar:/home/ggarciac/.m2/repository/io/micronaut/micronaut-http/2.5.4/micronaut-http-2.5.4.jar:/home/ggarciac/.m2/repository/io/micronaut/micronaut-aop/2.5.4/micronaut-aop-2.5.4.jar:/home/ggarciac/.m2/repository/io/micronaut/micronaut-context/2.5.4/micronaut-context-2.5.4.jar:/home/ggarciac/.m2/repository/com/fasterxml/jackson/core/jackson-databind/2.12.2/jackson-databind-2.12.2.jar:/home/ggarciac/.m2/repository/com/fasterxml/jackson/core/jackson-core/2.12.2/jackson-core-2.12.2.jar:/home/ggarciac/.m2/repository/com/fasterxml/jackson/datatype/jackson-datatype-jdk8/2.12.2/jackson-datatype-jdk8-2.12.2.jar:/home/ggarciac/.m2/repository/com/fasterxml/jackson/datatype/jackson-datatype-jsr310/2.12.2/jackson-datatype-jsr310-2.12.2.jar:/home/ggarciac/.m2/repository/ch/qos/logback/logback-classic/1.2.3/logback-classic-1.2.3.jar:/home/ggarciac/.m2/repository/ch/qos/logback/logback-core/1.2.3/logback-core-1.2.3.jar:/home/ggarciac/.m2/repository/io/micronaut/data/micronaut-data-hibernate-jpa/2.4.3/micronaut-data-hibernate-jpa-2.4.3.jar:/home/ggarciac/.m2/repository/io/micronaut/data/micronaut-data-runtime/2.4.3/micronaut-data-runtime-2.4.3.jar:/home/ggarciac/.m2/repository/io/micronaut/data/micronaut-data-model/2.4.3/micronaut-data-model-2.4.3.jar:/home/ggarciac/.m2/repository/io/micronaut/data/micronaut-data-tx/2.4.3/micronaut-data-tx-2.4.3.jar:/home/ggarciac/.m2/repository/jakarta/persistence/jakarta.persistence-api/2.2.3/jakarta.persistence-api-2.2.3.jar:/home/ggarciac/.m2/repository/org/hibernate/hibernate-core/5.4.24.Final/hibernate-core-5.4.24.Final.jar:/home/ggarciac/.m2/repository/org/jboss/logging/jboss-logging/3.4.1.Final/jboss-logging-3.4.1.Final.jar:/home/ggarciac/.m2/repository/net/bytebuddy/byte-buddy/1.10.17/byte-buddy-1.10.17.jar:/home/ggarciac/.m2/repository/antlr/antlr/2.7.7/antlr-2.7.7.jar:/home/ggarciac/.m2/repository/org/jboss/jandex/2.1.3.Final/jandex-2.1.3.Final.jar:/home/ggarciac/.m2/repository/com/fasterxml/classmate/1.5.1/classmate-1.5.1.jar:/home/ggarciac/.m2/repository/javax/activation/javax.activation-api/1.2.0/javax.activation-api-1.2.0.jar:/home/ggarciac/.m2/repository/org/dom4j/dom4j/2.1.3/dom4j-2.1.3.jar:/home/ggarciac/.m2/repository/org/hibernate/common/hibernate-commons-annotations/5.1.2.Final/hibernate-commons-annotations-5.1.2.Final.jar:/home/ggarciac/.m2/repository/javax/xml/bind/jaxb-api/2.3.1/jaxb-api-2.3.1.jar:/home/ggarciac/.m2/repository/org/glassfish/jaxb/jaxb-runtime/2.3.1/jaxb-runtime-2.3.1.jar:/home/ggarciac/.m2/repository/org/glassfish/jaxb/txw2/2.3.1/txw2-2.3.1.jar:/home/ggarciac/.m2/repository/com/sun/istack/istack-commons-runtime/3.0.7/istack-commons-runtime-3.0.7.jar:/home/ggarciac/.m2/repository/org/jvnet/staxex/stax-ex/1.8/stax-ex-1.8.jar:/home/ggarciac/.m2/repository/com/sun/xml/fastinfoset/FastInfoset/1.2.15/FastInfoset-1.2.15.jar:/home/ggarciac/.m2/repository/io/micronaut/data/micronaut-data-tx-hibernate/2.4.3/micronaut-data-tx-hibernate-2.4.3.jar:/home/ggarciac/.m2/repository/io/micronaut/sql/micronaut-hibernate-jpa/3.4.0/micronaut-hibernate-jpa-3.4.0.jar:/home/ggarciac/.m2/repository/jakarta/transaction/jakarta.transaction-api/1.3.3/jakarta.transaction-api-1.3.3.jar:/home/ggarciac/.m2/repository/org/postgresql/postgresql/42.2.7/postgresql-42.2.7.jar:/home/ggarciac/.m2/repository/io/micronaut/sql/micronaut-jdbc-hikari/3.4.0/micronaut-jdbc-hikari-3.4.0.jar:/home/ggarciac/.m2/repository/io/micronaut/sql/micronaut-jdbc/3.4.0/micronaut-jdbc-3.4.0.jar:/home/ggarciac/.m2/repository/com/zaxxer/HikariCP/3.4.5/HikariCP-3.4.5.jar:/home/ggarciac/.m2/repository/io/micronaut/flyway/micronaut-flyway/3.6.0/micronaut-flyway-3.6.0.jar:/home/ggarciac/.m2/repository/org/flywaydb/flyway-core/7.7.3/flyway-core-7.7.3.jar:/home/ggarciac/.m2/repository/io/micronaut/micronaut-management/2.5.4/micronaut-management-2.5.4.jar:/home/ggarciac/.m2/repository/io/micronaut/rxjava3/micronaut-rxjava3/1.1.1/micronaut-rxjava3-1.1.1.jar:/home/ggarciac/.m2/repository/io/reactivex/rxjava3/rxjava/3.0.8/rxjava-3.0.8.jar:/home/ggarciac/.m2/repository/com/github/akarnokd/rxjava3-bridge/3.0.0/rxjava3-bridge-3.0.0.jar:"/>
    <property name="sun.cpu.endian" value="little"/>
    <property name="user.home" value="/home/ggarciac"/>
    <property name="user.language" value="en"/>
    <property name="java.specification.vendor" value="Oracle Corporation"/>
    <property name="java.home" value="/home/ggarciac/.sdkman/candidates/java/8.0.292.j9-adpt/jre"/>
    <property name="ibm.signalhandling.rs" value="false"/>
    <property name="file.separator" value="/"/>
    <property name="jdk.extensions.name" value="Extensions for OpenJDK for Eclipse OpenJ9"/>
    <property name="basedir" value="/home/ggarciac/proyectos/prototipo/prototipo"/>
    <property name="line.separator" value="&#10;"/>
    <property name="java.vm.specification.vendor" value="Oracle Corporation"/>
    <property name="java.specification.name" value="Java Platform API Specification"/>
    <property name="java.compiler" value="j9jit29"/>
    <property name="com.ibm.util.extralibs.properties" value=""/>
    <property name="sun.java.launcher.pid" value="18414"/>
    <property name="java.awt.graphicsenv" value="sun.awt.X11GraphicsEnvironment"/>
    <property name="com.ibm.oti.configuration" value="scar"/>
    <property name="java.awt.fonts" value=""/>
    <property name="surefire.real.class.path" value="/home/ggarciac/proyectos/prototipo/prototipo/target/surefire/surefirebooter6709856784206751924.jar"/>
    <property name="com.ibm.oti.shared.enabled" value="false"/>
    <property name="sun.boot.class.path" value="/home/ggarciac/.sdkman/candidates/java/8.0.292.j9-adpt/jre/lib/amd64/default/jclSC180/vm.jar:/home/ggarciac/.sdkman/candidates/java/8.0.292.j9-adpt/jre/lib/se-service.jar:/home/ggarciac/.sdkman/candidates/java/8.0.292.j9-adpt/jre/lib/rt.jar:/home/ggarciac/.sdkman/candidates/java/8.0.292.j9-adpt/jre/lib/resources.jar:/home/ggarciac/.sdkman/candidates/java/8.0.292.j9-adpt/jre/lib/jsse.jar:/home/ggarciac/.sdkman/candidates/java/8.0.292.j9-adpt/jre/lib/charsets.jar:/home/ggarciac/.sdkman/candidates/java/8.0.292.j9-adpt/jre/lib/jce.jar"/>
    <property name="com.ibm.oti.vm.bootstrap.library.path" value="/home/ggarciac/.sdkman/candidates/java/8.0.292.j9-adpt/jre/lib/amd64/default:/home/ggarciac/.sdkman/candidates/java/8.0.292.j9-adpt/jre/lib/amd64"/>
    <property name="com.ibm.cpu.endian" value="little"/>
    <property name="java.fullversion" value="1.8.0_292-b10&#10;JRE 1.8.0 Linux amd64-64-Bit Compressed References 20210421_1000 (JIT enabled, AOT enabled)&#10;OpenJ9   - b4cc246d9&#10;OMR      - 162e6f729&#10;JCL      - 2a5e268814 based on jdk8u292-b10"/>
    <property name="java.runtime.version" value="1.8.0_292-b10"/>
    <property name="user.name" value="ggarciac"/>
    <property name="path.separator" value=":"/>
    <property name="os.version" value="5.13.0-40-generic"/>
    <property name="java.endorsed.dirs" value="/home/ggarciac/.sdkman/candidates/java/8.0.292.j9-adpt/jre/lib/endorsed"/>
    <property name="java.runtime.name" value="OpenJDK Runtime Environment"/>
    <property name="ibm.signalhandling.sigint" value="true"/>
    <property name="file.encoding" value="UTF-8"/>
    <property name="java.vm.name" value="Eclipse OpenJ9 VM"/>
    <property name="ibm.signalhandling.sigchain" value="true"/>
    <property name="localRepository" value="/home/ggarciac/.m2/repository"/>
    <property name="java.io.tmpdir" value="/tmp"/>
    <property name="java.version" value="1.8.0_292"/>
    <property name="com.ibm.system.agent.path" value="/home/ggarciac/.sdkman/candidates/java/8.0.292.j9-adpt/jre/lib/amd64"/>
    <property name="user.dir" value="/home/ggarciac/proyectos/prototipo/prototipo"/>
    <property name="os.arch" value="amd64"/>
    <property name="java.vm.specification.name" value="Java Virtual Machine Specification"/>
    <property name="java.awt.printerjob" value="sun.print.PSPrinterJob"/>
    <property name="os.encoding" value="UTF-8"/>
    <property name="java.library.path" value="/home/ggarciac/.sdkman/candidates/java/8.0.292.j9-adpt/jre/lib/amd64/default:/home/ggarciac/.sdkman/candidates/java/8.0.292.j9-adpt/jre/lib/amd64:/usr/lib64:/usr/lib"/>
    <property name="java.vendor" value="AdoptOpenJDK"/>
    <property name="java.vm.info" value="JRE 1.8.0 Linux amd64-64-Bit Compressed References 20210421_1000 (JIT enabled, AOT enabled)&#10;OpenJ9   - b4cc246d9&#10;OMR      - 162e6f729&#10;JCL      - 2a5e268814 based on jdk8u292-b10"/>
    <property name="java.vm.version" value="openj9-0.26.0"/>
    <property name="com.ibm.jcl.checkClassPath" value=""/>
    <property name="ibm.system.encoding" value="UTF-8"/>
    <property name="sun.io.unicode.encoding" value="UnicodeLittle"/>
    <property name="java.ext.dirs" value="/home/ggarciac/.sdkman/candidates/java/8.0.292.j9-adpt/jre/lib/ext"/>
    <property name="java.class.version" value="52.0"/>
  </properties>
  <testcase name="testComplete" classname="com.ccpv.PrestamosControllerTest" time="0.782"/>
</testsuite>